Build started 4/25/2017 11:05:01 PM.
     1>Project "D:\OneDrive\Classes\Third Semester\Special Topics\TwoMaxProblem\Twomax\Twomax\Twomax.vcxproj" on node 2 (rebuild target(s)).
     1>_PrepareForClean:
         Deleting file "x64\Release\Twomax.lastbuildstate".
       InitializeBuildStatus:
         Creating "x64\Release\Twomax.unsuccessfulbuild" because "AlwaysCreate" was specified.
       ClCompile:
         C:\Program Files (x86)\Microsoft Visual Studio 10.0\VC\bin\x86_amd64\CL.exe /c /Zi /nologo /W3 /WX- /O2 /Oi /GL /D WIN32 /D NDEBUG /D _CONSOLE /D _UNICODE /D UNICODE /Gm- /EHsc /MD /GS /Gy /fp:precise /Zc:wchar_t /Zc:forScope /Fo"x64\Release\\" /Fd"x64\Release\vc100.pdb" /Gd /TP /errorReport:prompt Main.cpp
         Main.cpp
     1>d:\onedrive\classes\third semester\special topics\twomaxproblem\twomax\twomax\KnapsackData1.h(135): warning C4244: 'initializing' : conversion from 'double' to 'int', possible loss of data
     1>d:\onedrive\classes\third semester\special topics\twomaxproblem\twomax\twomax\KnapsackData1.h(178): warning C4267: 'initializing' : conversion from 'size_t' to 'int', possible loss of data
     1>d:\onedrive\classes\third semester\special topics\twomaxproblem\twomax\twomax\KnapsackData1.h(254): warning C4244: 'argument' : conversion from 'time_t' to 'unsigned int', possible loss of data
     1>d:\onedrive\classes\third semester\special topics\twomaxproblem\twomax\twomax\KnapsackData1.h(259): warning C4800: 'int' : forcing value to bool 'true' or 'false' (performance warning)
       Link:
         C:\Program Files (x86)\Microsoft Visual Studio 10.0\VC\bin\x86_amd64\link.exe /ERRORREPORT:PROMPT /OUT:"D:\OneDrive\Classes\Third Semester\Special Topics\TwoMaxProblem\Twomax\x64\Release\Twomax.exe" /INCREMENTAL:NO /NOLOGO kernel32.lib user32.lib gdi32.lib winspool.lib comdlg32.lib advapi32.lib shell32.lib ole32.lib oleaut32.lib uuid.lib odbc32.lib odbccp32.lib /MANIFEST /ManifestFile:"x64\Release\Twomax.exe.intermediate.manifest" /MANIFESTUAC:"level='asInvoker' uiAccess='false'" /DEBUG /PDB:"D:\OneDrive\Classes\Third Semester\Special Topics\TwoMaxProblem\Twomax\x64\Release\Twomax.pdb" /SUBSYSTEM:CONSOLE /OPT:REF /OPT:ICF /LTCG /TLBID:1 /DYNAMICBASE /NXCOMPAT /IMPLIB:"D:\OneDrive\Classes\Third Semester\Special Topics\TwoMaxProblem\Twomax\x64\Release\Twomax.lib" /MACHINE:X64 x64\Release\Main.obj
         Generating code
         Finished generating code
         Twomax.vcxproj -> D:\OneDrive\Classes\Third Semester\Special Topics\TwoMaxProblem\Twomax\x64\Release\Twomax.exe
       Manifest:
         C:\Program Files (x86)\Microsoft SDKs\Windows\v7.0A\bin\mt.exe /nologo /verbose /outputresource:"D:\OneDrive\Classes\Third Semester\Special Topics\TwoMaxProblem\Twomax\x64\Release\Twomax.exe;#1" /manifest x64\Release\Twomax.exe.intermediate.manifest
       FinalizeBuildStatus:
         Deleting file "x64\Release\Twomax.unsuccessfulbuild".
         Touching "x64\Release\Twomax.lastbuildstate".
     1>Done Building Project "D:\OneDrive\Classes\Third Semester\Special Topics\TwoMaxProblem\Twomax\Twomax\Twomax.vcxproj" (rebuild target(s)).

Build succeeded.

Time Elapsed 00:00:01.25
