Build started 4/26/2017 2:30:48 AM.
     1>Project "D:\OneDrive\Classes\Third Semester\Special Topics\TwoMaxProblem\Twomax\Twomax\Twomax.vcxproj" on node 2 (build target(s)).
     1>InitializeBuildStatus:
         Creating "Debug\Twomax.unsuccessfulbuild" because "AlwaysCreate" was specified.
       ClCompile:
         C:\Program Files (x86)\Microsoft Visual Studio 10.0\VC\bin\CL.exe /c /ZI /nologo /W3 /WX- /Od /Oy- /D WIN32 /D _DEBUG /D _CONSOLE /D _UNICODE /D UNICODE /Gm /EHsc /RTC1 /MDd /GS /fp:precise /Zc:wchar_t /Zc:forScope /Fo"Debug\\" /Fd"Debug\vc100.pdb" /Gd /TP /analyze- /errorReport:prompt Main.cpp
         Main.cpp
     1>d:\onedrive\classes\third semester\special topics\twomaxproblem\twomax\twomax\twomax.h(65): warning C4018: '<' : signed/unsigned mismatch
     1>d:\onedrive\classes\third semester\special topics\twomaxproblem\twomax\twomax\twomax.h(79): warning C4018: '<' : signed/unsigned mismatch
     1>d:\onedrive\classes\third semester\special topics\twomaxproblem\twomax\twomax\twomax.h(135): warning C4244: 'initializing' : conversion from 'double' to 'int', possible loss of data
     1>d:\onedrive\classes\third semester\special topics\twomaxproblem\twomax\twomax\twomax.h(148): warning C4018: '<' : signed/unsigned mismatch
     1>d:\onedrive\classes\third semester\special topics\twomaxproblem\twomax\twomax\twomax.h(157): warning C4018: '<' : signed/unsigned mismatch
     1>d:\onedrive\classes\third semester\special topics\twomaxproblem\twomax\twomax\twomax.h(181): warning C4018: '<' : signed/unsigned mismatch
     1>d:\onedrive\classes\third semester\special topics\twomaxproblem\twomax\twomax\twomax.h(213): warning C4018: '<' : signed/unsigned mismatch
     1>d:\onedrive\classes\third semester\special topics\twomaxproblem\twomax\twomax\twomax.h(254): warning C4244: 'argument' : conversion from 'time_t' to 'unsigned int', possible loss of data
     1>d:\onedrive\classes\third semester\special topics\twomaxproblem\twomax\twomax\twomax.h(259): warning C4800: 'int' : forcing value to bool 'true' or 'false' (performance warning)
       ManifestResourceCompile:
         All outputs are up-to-date.
       Link:
         C:\Program Files (x86)\Microsoft Visual Studio 10.0\VC\bin\link.exe /ERRORREPORT:PROMPT /OUT:"D:\OneDrive\Classes\Third Semester\Special Topics\TwoMaxProblem\Twomax\Debug\Twomax.exe" /INCREMENTAL /NOLOGO kernel32.lib user32.lib gdi32.lib winspool.lib comdlg32.lib advapi32.lib shell32.lib ole32.lib oleaut32.lib uuid.lib odbc32.lib odbccp32.lib /MANIFEST /ManifestFile:"Debug\Twomax.exe.intermediate.manifest" /MANIFESTUAC:"level='asInvoker' uiAccess='false'" /DEBUG /PDB:"D:\OneDrive\Classes\Third Semester\Special Topics\TwoMaxProblem\Twomax\Debug\Twomax.pdb" /SUBSYSTEM:CONSOLE /TLBID:1 /DYNAMICBASE /NXCOMPAT /IMPLIB:"D:\OneDrive\Classes\Third Semester\Special Topics\TwoMaxProblem\Twomax\Debug\Twomax.lib" /MACHINE:X86 Debug\Twomax.exe.embed.manifest.res
         Debug\Main.obj
       Manifest:
         C:\Program Files (x86)\Microsoft SDKs\Windows\v7.0A\bin\mt.exe /nologo /verbose /out:"Debug\Twomax.exe.embed.manifest" /manifest Debug\Twomax.exe.intermediate.manifest
         All outputs are up-to-date.
       LinkEmbedManifest:
         All outputs are up-to-date.
         Twomax.vcxproj -> D:\OneDrive\Classes\Third Semester\Special Topics\TwoMaxProblem\Twomax\Debug\Twomax.exe
       FinalizeBuildStatus:
         Deleting file "Debug\Twomax.unsuccessfulbuild".
         Touching "Debug\Twomax.lastbuildstate".
     1>Done Building Project "D:\OneDrive\Classes\Third Semester\Special Topics\TwoMaxProblem\Twomax\Twomax\Twomax.vcxproj" (build target(s)).

Build succeeded.

Time Elapsed 00:00:00.93
