D:\ONEDRIVE\CLASSES\THIRD SEMESTER\SPECIAL TOPICS\TWOMAXPROBLEM\TWOMAX\DEBUG\TWOMAX.EXE
D:\ONEDRIVE\CLASSES\THIRD SEMESTER\SPECIAL TOPICS\TWOMAXPROBLEM\TWOMAX\DEBUG\TWOMAX.ILK
D:\ONEDRIVE\CLASSES\THIRD SEMESTER\SPECIAL TOPICS\TWOMAXPROBLEM\TWOMAX\DEBUG\TWOMAX.PDB
D:\OneDrive\Classes\Third Semester\Special Topics\TwoMaxProblem\Twomax\Twomax\Debug\cl.command.1.tlog
D:\OneDrive\Classes\Third Semester\Special Topics\TwoMaxProblem\Twomax\Twomax\Debug\CL.read.1.tlog
D:\OneDrive\Classes\Third Semester\Special Topics\TwoMaxProblem\Twomax\Twomax\Debug\CL.write.1.tlog
D:\OneDrive\Classes\Third Semester\Special Topics\TwoMaxProblem\Twomax\Twomax\Debug\link.21904.read.1.tlog
D:\OneDrive\Classes\Third Semester\Special Topics\TwoMaxProblem\Twomax\Twomax\Debug\link.21904.write.1.tlog
D:\OneDrive\Classes\Third Semester\Special Topics\TwoMaxProblem\Twomax\Twomax\Debug\link.21904-cvtres.read.1.tlog
D:\OneDrive\Classes\Third Semester\Special Topics\TwoMaxProblem\Twomax\Twomax\Debug\link.21904-cvtres.write.1.tlog
D:\OneDrive\Classes\Third Semester\Special Topics\TwoMaxProblem\Twomax\Twomax\Debug\link.command.1.tlog
D:\OneDrive\Classes\Third Semester\Special Topics\TwoMaxProblem\Twomax\Twomax\Debug\link.read.1.tlog
D:\OneDrive\Classes\Third Semester\Special Topics\TwoMaxProblem\Twomax\Twomax\Debug\link.write.1.tlog
D:\OneDrive\Classes\Third Semester\Special Topics\TwoMaxProblem\Twomax\Twomax\Debug\link-cvtres.read.1.tlog
D:\OneDrive\Classes\Third Semester\Special Topics\TwoMaxProblem\Twomax\Twomax\Debug\link-cvtres.write.1.tlog
D:\ONEDRIVE\CLASSES\THIRD SEMESTER\SPECIAL TOPICS\TWOMAXPROBLEM\TWOMAX\TWOMAX\DEBUG\MAIN.OBJ
D:\OneDrive\Classes\Third Semester\Special Topics\TwoMaxProblem\Twomax\Twomax\Debug\mt.command.1.tlog
D:\OneDrive\Classes\Third Semester\Special Topics\TwoMaxProblem\Twomax\Twomax\Debug\mt.read.1.tlog
D:\OneDrive\Classes\Third Semester\Special Topics\TwoMaxProblem\Twomax\Twomax\Debug\mt.write.1.tlog
D:\OneDrive\Classes\Third Semester\Special Topics\TwoMaxProblem\Twomax\Twomax\Debug\rc.command.1.tlog
D:\OneDrive\Classes\Third Semester\Special Topics\TwoMaxProblem\Twomax\Twomax\Debug\rc.read.1.tlog
D:\OneDrive\Classes\Third Semester\Special Topics\TwoMaxProblem\Twomax\Twomax\Debug\rc.write.1.tlog
D:\ONEDRIVE\CLASSES\THIRD SEMESTER\SPECIAL TOPICS\TWOMAXPROBLEM\TWOMAX\TWOMAX\DEBUG\TWOMAX.EXE.EMBED.MANIFEST
D:\ONEDRIVE\CLASSES\THIRD SEMESTER\SPECIAL TOPICS\TWOMAXPROBLEM\TWOMAX\TWOMAX\DEBUG\TWOMAX.EXE.EMBED.MANIFEST.RES
D:\ONEDRIVE\CLASSES\THIRD SEMESTER\SPECIAL TOPICS\TWOMAXPROBLEM\TWOMAX\TWOMAX\DEBUG\TWOMAX.EXE.INTERMEDIATE.MANIFEST
D:\OneDrive\Classes\Third Semester\Special Topics\TwoMaxProblem\Twomax\Twomax\Debug\Twomax.write.1.tlog
D:\OneDrive\Classes\Third Semester\Special Topics\TwoMaxProblem\Twomax\Twomax\Debug\Twomax_manifest.rc
D:\OneDrive\Classes\Third Semester\Special Topics\TwoMaxProblem\Twomax\Twomax\Debug\vc100.idb
D:\ONEDRIVE\CLASSES\THIRD SEMESTER\SPECIAL TOPICS\TWOMAXPROBLEM\TWOMAX\TWOMAX\DEBUG\VC100.PDB
